{"meta": {"format": 3, "version": "7.13.1", "timestamp": "2026-01-08T16:41:32.716583", "branch_coverage": false, "show_contexts": false}, "files": {"linux_health\\__init__.py": {"executed_lines": [1, 2], "summary": {"covered_lines": 2, "num_statements": 2, "percent_covered": 100.0, "percent_covered_display": "100", "missing_lines": 0, "excluded_lines": 0, "percent_statements_covered": 100.0, "percent_statements_covered_display": "100"}, "missing_lines": [], "excluded_lines": [], "functions": {"": {"executed_lines": [1, 2], "summary": {"covered_lines": 2, "num_statements": 2, "percent_covered": 100.0, "percent_covered_display": "100", "missing_lines": 0, "excluded_lines": 0, "percent_statements_covered": 100.0, "percent_statements_covered_display": "100"}, "missing_lines": [], "excluded_lines": [], "start_line": 1}}, "classes": {"": {"executed_lines": [1, 2], "summary": {"covered_lines": 2, "num_statements": 2, "percent_covered": 100.0, "percent_covered_display": "100", "missing_lines": 0, "excluded_lines": 0, "percent_statements_covered": 100.0, "percent_statements_covered_display": "100"}, "missing_lines": [], "excluded_lines": [], "start_line": 1}}}, "linux_health\\__main__.py": {"executed_lines": [], "summary": {"covered_lines": 0, "num_statements": 3, "percent_covered": 0.0, "percent_covered_display": "0", "missing_lines": 3, "excluded_lines": 0, "percent_statements_covered": 0.0, "percent_statements_covered_display": "0"}, "missing_lines": [1, 3, 4], "excluded_lines": [], "functions": {"": {"executed_lines": [], "summary": {"covered_lines": 0, "num_statements": 3, "percent_covered": 0.0, "percent_covered_display": "0", "missing_lines": 3, "excluded_lines": 0, "percent_statements_covered": 0.0, "percent_statements_covered_display": "0"}, "missing_lines": [1, 3, 4], "excluded_lines": [], "start_line": 1}}, "classes": {"": {"executed_lines": [], "summary": {"covered_lines": 0, "num_statements": 3, "percent_covered": 0.0, "percent_covered_display": "0", "missing_lines": 3, "excluded_lines": 0, "percent_statements_covered": 0.0, "percent_statements_covered_display": "0"}, "missing_lines": [1, 3, 4], "excluded_lines": [], "start_line": 1}}}, "linux_health\\checks.py": {"executed_lines": [1, 3, 4, 5, 6, 8, 10, 13, 19, 20, 21, 22, 23, 24, 25, 28, 29, 30, 31, 32, 33, 34, 37, 38, 39, 40, 41, 42, 43, 44, 45, 46, 47, 48, 49, 50, 51, 52, 55, 63, 68, 69, 70, 92, 94, 100, 101, 102, 103, 107, 108, 109, 114, 115, 124, 125, 134, 135, 144, 145, 146, 147, 154, 155, 156, 182, 183, 184, 185, 189, 190, 191, 192, 218, 219, 220, 221, 228, 229, 230, 231, 260, 261, 262, 263, 264, 273, 274, 276, 286, 288, 289, 297, 298, 299, 301, 302, 339, 340, 342, 343, 345, 348, 354, 364, 365, 368, 371, 382, 390, 392, 395, 406, 414, 416, 417, 440, 448, 451, 454, 457, 461, 462, 464, 480, 483, 484, 485, 486, 488, 489, 496, 503, 511, 512, 513, 514, 521, 522, 529, 537, 538, 539, 540, 547, 548, 555, 558, 559, 560, 567, 569, 570, 577, 578, 579, 580, 608, 609, 610, 611, 618, 619, 620, 621, 642, 643, 644, 645, 652, 657, 666, 686, 688, 695, 703, 705, 708, 709, 711, 712, 720, 739, 780, 782, 783, 786, 790, 791, 793, 794, 795, 796, 802, 803, 805, 808, 809, 813, 814, 815, 818, 819, 820, 842, 843, 844, 846, 853, 868, 870, 872, 877, 879, 880, 887, 888, 889, 896, 904, 906, 909, 910, 912, 915, 916, 917, 922, 926, 929, 931, 932, 933, 934, 938, 939, 940, 947, 955, 957, 960, 968, 970, 971, 978, 980, 981, 983, 984, 985, 986, 987, 988, 990, 993, 994, 995, 999, 1000, 1001, 1003, 1010, 1018, 1020, 1022, 1034, 1035, 1037, 1038, 1045, 1046, 1047, 1050, 1058, 1060, 1063, 1066, 1068, 1069, 1076, 1077, 1078, 1079, 1087, 1090, 1092, 1095, 1096, 1097, 1104, 1112, 1113, 1114, 1115, 1116, 1123, 1124, 1125, 1126, 1147, 1148, 1149, 1157, 1158, 1165, 1166, 1169, 1170, 1189, 1191, 1193, 1197, 1198, 1207, 1209, 1210, 1211, 1213, 1214, 1216, 1217, 1218, 1233, 1245, 1253, 1254, 1256, 1260, 1266, 1267, 1268, 1270, 1271, 1273, 1274, 1289, 1300, 1308, 1317, 1326, 1343, 1360, 1369, 1380, 1401, 1418, 1430, 1485, 1498, 1510, 1516, 1517, 1519, 1520, 1524, 1525, 1526, 1528, 1529, 1530, 1531, 1534, 1541, 1546, 1547, 1549, 1551, 1553, 1554, 1555, 1556, 1557, 1558, 1559, 1562, 1563, 1564, 1565, 1566, 1567, 1568, 1571, 1572, 1573, 1574, 1579, 1581, 1582, 1584, 1585, 1586, 1587, 1590, 1592, 1593, 1595, 1598, 1600, 1602, 1607, 1608, 1616, 1617, 1618, 1619, 1627, 1632, 1634, 1635, 1641, 1649, 1657, 1659, 1661, 1665, 1666, 1674, 1675, 1676, 1677, 1684, 1686, 1690, 1691, 1697, 1710, 1718, 1720, 1722, 1723, 1724, 1729, 1730, 1731, 1732, 1740, 1745, 1747, 1748, 1756, 1764, 1772, 1774, 1776, 1789, 1790, 1792, 1793, 1800, 1808, 1810, 1812, 1816, 1819, 1821, 1822, 1830, 1831, 1832, 1833, 1834, 1841, 1848, 1856, 1858, 1860, 1861, 1862, 1865, 1869, 1871, 1872, 1873, 1874, 1877, 1878, 1880, 1881, 1882, 1888, 1896, 1899, 1901, 1902, 1908, 1916, 1924, 1926, 1928, 1929, 1931, 1939, 1940, 1941, 1949, 1950, 1951, 1952, 1956, 1964, 1972, 1974, 1976, 1979, 1981, 1989, 1990, 1993, 1995, 1996, 1997, 1999, 2000, 2002, 2009, 2011, 2012, 2019, 2027, 2035, 2037, 2039, 2053, 2056, 2058, 2059, 2067, 2071, 2073, 2082, 2083, 2085, 2086, 2090, 2098, 2106, 2108, 2110, 2119, 2120, 2122, 2123, 2131, 2135, 2138, 2146, 2154, 2156, 2158, 2165, 2168, 2170, 2171, 2172, 2173, 2180, 2181, 2188, 2197, 2204, 2207, 2209, 2210, 2214, 2222, 2230, 2234, 2235, 2238, 2239, 2241, 2243, 2244, 2247, 2248, 2250, 2254, 2255, 2257, 2261, 2262, 2264, 2266, 2267, 2268, 2274, 2278, 2282, 2292, 2299, 2300, 2307, 2315, 2317, 2319, 2323, 2325, 2333, 2334, 2335, 2336, 2343, 2351, 2353, 2355, 2356, 2358, 2366, 2367, 2374, 2382, 2383, 2385, 2386, 2387, 2388, 2389, 2390, 2391, 2392, 2393, 2394, 2395, 2396, 2397, 2398, 2399, 2400, 2401, 2402, 2403, 2404, 2405, 2406, 2409, 2410, 2411, 2412, 2413, 2414, 2415, 2416, 2417, 2418, 2419, 2420, 2421, 2422, 2424], "summary": {"covered_lines": 649, "num_statements": 952, "percent_covered": 68.17226890756302, "percent_covered_display": "68", "missing_lines": 303, "excluded_lines": 0, "percent_statements_covered": 68.17226890756302, "percent_statements_covered_display": "68"}, "missing_lines": [16, 75, 76, 77, 79, 81, 82, 83, 84, 85, 86, 88, 89, 90, 91, 97, 148, 159, 160, 161, 167, 168, 174, 186, 195, 196, 197, 203, 204, 210, 222, 238, 239, 245, 246, 252, 270, 287, 290, 300, 309, 310, 311, 313, 314, 321, 322, 329, 330, 336, 344, 349, 350, 351, 352, 355, 372, 380, 396, 404, 418, 419, 420, 428, 430, 438, 452, 453, 455, 456, 458, 459, 487, 490, 497, 515, 523, 541, 549, 568, 571, 586, 587, 593, 594, 600, 612, 627, 628, 634, 646, 667, 668, 669, 670, 671, 672, 673, 674, 680, 681, 682, 684, 689, 787, 798, 799, 800, 824, 825, 826, 828, 838, 845, 923, 996, 997, 1002, 1048, 1117, 1132, 1133, 1139, 1159, 1176, 1177, 1178, 1184, 1215, 1220, 1221, 1223, 1224, 1225, 1227, 1228, 1229, 1231, 1234, 1238, 1261, 1272, 1275, 1276, 1277, 1278, 1280, 1281, 1282, 1283, 1284, 1285, 1286, 1287, 1290, 1293, 1310, 1311, 1312, 1313, 1314, 1319, 1320, 1321, 1322, 1323, 1328, 1335, 1336, 1337, 1338, 1339, 1340, 1345, 1352, 1353, 1354, 1355, 1356, 1357, 1362, 1363, 1364, 1365, 1366, 1371, 1372, 1373, 1374, 1375, 1376, 1377, 1382, 1388, 1389, 1390, 1391, 1392, 1393, 1394, 1403, 1410, 1411, 1412, 1413, 1414, 1415, 1420, 1421, 1423, 1424, 1425, 1426, 1427, 1432, 1433, 1434, 1435, 1437, 1438, 1439, 1442, 1452, 1454, 1455, 1456, 1458, 1459, 1460, 1461, 1463, 1464, 1465, 1466, 1468, 1471, 1472, 1473, 1474, 1475, 1476, 1477, 1478, 1479, 1480, 1482, 1487, 1488, 1489, 1491, 1492, 1493, 1494, 1495, 1500, 1504, 1505, 1506, 1507, 1575, 1576, 1577, 1583, 1609, 1642, 1667, 1698, 1702, 1703, 1725, 1757, 1817, 1835, 1905, 1906, 1909, 1932, 1953, 1954, 1957, 1982, 1998, 2020, 2074, 2087, 2088, 2091, 2139, 2166, 2189, 2205, 2211, 2212, 2215, 2240, 2251, 2258, 2275, 2279, 2290, 2293, 2326, 2359], "excluded_lines": [], "functions": {"set_command_timeout": {"executed_lines": [], "summary": {"covered_lines": 0, "num_statements": 1, "percent_covered": 0.0, "percent_covered_display": "0", "missing_lines": 1, "excluded_lines": 0, "percent_statements_covered": 0.0, "percent_statements_covered_display": "0"}, "missing_lines": [16], "excluded_lines": [], "start_line": 13}, "_run": {"executed_lines": [63, 68, 69, 70, 92, 94], "summary": {"covered_lines": 6, "num_statements": 21, "percent_covered": 28.571428571428573, "percent_covered_display": "29", "missing_lines": 15, "excluded_lines": 0, "percent_statements_covered": 28.571428571428573, "percent_statements_covered_display": "29"}, "missing_lines": [75, 76, 77, 79, 81, 82, 83, 84, 85, 86, 88, 89, 90, 91, 97], "excluded_lines": [], "start_line": 55}, "gather_system_info": {"executed_lines": [101, 102, 103, 107, 108, 109], "summary": {"covered_lines": 6, "num_statements": 6, "percent_covered": 100.0, "percent_covered_display": "100", "missing_lines": 0, "excluded_lines": 0, "percent_statements_covered": 100.0, "percent_statements_covered_display": "100"}, "missing_lines": [], "excluded_lines": [], "start_line": 100}, "_pass": {"executed_lines": [115], "summary": {"covered_lines": 1, "num_statements": 1, "percent_covered": 100.0, "percent_covered_display": "100", "missing_lines": 0, "excluded_lines": 0, "percent_statements_covered": 100.0, "percent_statements_covered_display": "100"}, "missing_lines": [], "excluded_lines": [], "start_line": 114}, "_warn": {"executed_lines": [125], "summary": {"covered_lines": 1, "num_statements": 1, "percent_covered": 100.0, "percent_covered_display": "100", "missing_lines": 0, "excluded_lines": 0, "percent_statements_covered": 100.0, "percent_statements_covered_display": "100"}, "missing_lines": [], "excluded_lines": [], "start_line": 124}, "_fail": {"executed_lines": [135], "summary": {"covered_lines": 1, "num_statements": 1, "percent_covered": 100.0, "percent_covered_display": "100", "missing_lines": 0, "excluded_lines": 0, "percent_statements_covered": 100.0, "percent_statements_covered_display": "100"}, "missing_lines": [], "excluded_lines": [], "start_line": 134}, "check_disk_usage": {"executed_lines": [145, 146, 147, 154, 155, 156], "summary": {"covered_lines": 6, "num_statements": 13, "percent_covered": 46.15384615384615, "percent_covered_display": "46", "missing_lines": 7, "excluded_lines": 0, "percent_statements_covered": 46.15384615384615, "percent_statements_covered_display": "46"}, "missing_lines": [148, 159, 160, 161, 167, 168, 174], "excluded_lines": [], "start_line": 144}, "check_memory": {"executed_lines": [183, 184, 185, 189, 190, 191, 192], "summary": {"covered_lines": 7, "num_statements": 14, "percent_covered": 50.0, "percent_covered_display": "50", "missing_lines": 7, "excluded_lines": 0, "percent_statements_covered": 50.0, "percent_statements_covered_display": "50"}, "missing_lines": [186, 195, 196, 197, 203, 204, 210], "excluded_lines": [], "start_line": 182}, "check_load": {"executed_lines": [219, 220, 221, 228, 229, 230, 231], "summary": {"covered_lines": 7, "num_statements": 13, "percent_covered": 53.84615384615385, "percent_covered_display": "54", "missing_lines": 6, "excluded_lines": 0, "percent_statements_covered": 53.84615384615385, "percent_statements_covered_display": "54"}, "missing_lines": [222, 238, 239, 245, 246, 252], "excluded_lines": [], "start_line": 218}, "check_reboot_required": {"executed_lines": [261, 262, 263, 264], "summary": {"covered_lines": 4, "num_statements": 5, "percent_covered": 80.0, "percent_covered_display": "80", "missing_lines": 1, "excluded_lines": 0, "percent_statements_covered": 80.0, "percent_statements_covered_display": "80"}, "missing_lines": [270], "excluded_lines": [], "start_line": 260}, "check_updates": {"executed_lines": [274, 276, 286, 288, 289, 297, 298, 299, 301, 302], "summary": {"covered_lines": 10, "num_statements": 23, "percent_covered": 43.47826086956522, "percent_covered_display": "43", "missing_lines": 13, "excluded_lines": 0, "percent_statements_covered": 43.47826086956522, "percent_statements_covered_display": "43"}, "missing_lines": [287, 290, 300, 309, 310, 311, 313, 314, 321, 322, 329, 330, 336], "excluded_lines": [], "start_line": 273}, "check_ssh_config": {"executed_lines": [340, 342, 343, 345, 348, 354, 364, 365, 368, 371, 382, 390, 392, 395, 406, 414, 416, 417, 440, 448, 451, 454, 457, 461, 462, 464, 480], "summary": {"covered_lines": 27, "num_statements": 49, "percent_covered": 55.10204081632653, "percent_covered_display": "55", "missing_lines": 22, "excluded_lines": 0, "percent_statements_covered": 55.10204081632653, "percent_statements_covered_display": "55"}, "missing_lines": [344, 349, 350, 351, 352, 355, 372, 380, 396, 404, 418, 419, 420, 428, 430, 438, 452, 453, 455, 456, 458, 459], "excluded_lines": [], "start_line": 339}, "check_firewall": {"executed_lines": [484, 485, 486, 488, 489, 496, 503], "summary": {"covered_lines": 7, "num_statements": 10, "percent_covered": 70.0, "percent_covered_display": "70", "missing_lines": 3, "excluded_lines": 0, "percent_statements_covered": 70.0, "percent_statements_covered_display": "70"}, "missing_lines": [487, 490, 497], "excluded_lines": [], "start_line": 483}, "check_time_sync": {"executed_lines": [512, 513, 514, 521, 522, 529], "summary": {"covered_lines": 6, "num_statements": 8, "percent_covered": 75.0, "percent_covered_display": "75", "missing_lines": 2, "excluded_lines": 0, "percent_statements_covered": 75.0, "percent_statements_covered_display": "75"}, "missing_lines": [515, 523], "excluded_lines": [], "start_line": 511}, "check_accounts": {"executed_lines": [538, 539, 540, 547, 548, 555], "summary": {"covered_lines": 6, "num_statements": 8, "percent_covered": 75.0, "percent_covered_display": "75", "missing_lines": 2, "excluded_lines": 0, "percent_statements_covered": 75.0, "percent_statements_covered_display": "75"}, "missing_lines": [541, 549], "excluded_lines": [], "start_line": 537}, "check_auth_failures": {"executed_lines": [559, 560, 567, 569, 570, 577, 578, 579, 580], "summary": {"covered_lines": 9, "num_statements": 16, "percent_covered": 56.25, "percent_covered_display": "56", "missing_lines": 7, "excluded_lines": 0, "percent_statements_covered": 56.25, "percent_statements_covered_display": "56"}, "missing_lines": [568, 571, 586, 587, 593, 594, 600], "excluded_lines": [], "start_line": 558}, "check_root_logins": {"executed_lines": [609, 610, 611, 618, 619, 620, 621], "summary": {"covered_lines": 7, "num_statements": 11, "percent_covered": 63.63636363636363, "percent_covered_display": "64", "missing_lines": 4, "excluded_lines": 0, "percent_statements_covered": 63.63636363636363, "percent_statements_covered_display": "64"}, "missing_lines": [612, 627, 628, 634], "excluded_lines": [], "start_line": 608}, "check_listening_services": {"executed_lines": [643, 644, 645, 652, 657, 666, 686, 688, 695], "summary": {"covered_lines": 9, "num_statements": 23, "percent_covered": 39.130434782608695, "percent_covered_display": "39", "missing_lines": 14, "excluded_lines": 0, "percent_statements_covered": 39.130434782608695, "percent_statements_covered_display": "39"}, "missing_lines": [646, 667, 668, 669, 670, 671, 672, 673, 674, 680, 681, 682, 684, 689], "excluded_lines": [], "start_line": 642}, "check_abnormal_network_processes": {"executed_lines": [705, 708, 709, 711, 712, 720, 739, 780, 782, 783, 786, 790, 791, 793, 794, 795, 796, 802, 803, 805, 808, 809, 813, 814, 815, 818, 819, 820, 842, 843, 844, 846, 853], "summary": {"covered_lines": 33, "num_statements": 43, "percent_covered": 76.74418604651163, "percent_covered_display": "77", "missing_lines": 10, "excluded_lines": 0, "percent_statements_covered": 76.74418604651163, "percent_statements_covered_display": "77"}, "missing_lines": [787, 798, 799, 800, 824, 825, 826, 828, 838, 845], "excluded_lines": [], "start_line": 703}, "check_suspicious_process_locations": {"executed_lines": [870, 872, 877, 879, 880, 887, 888, 889, 896], "summary": {"covered_lines": 9, "num_statements": 9, "percent_covered": 100.0, "percent_covered_display": "100", "missing_lines": 0, "excluded_lines": 0, "percent_statements_covered": 100.0, "percent_statements_covered_display": "100"}, "missing_lines": [], "excluded_lines": [], "start_line": 868}, "check_unexpected_sudo_usage": {"executed_lines": [906, 909, 910, 912, 915, 916, 917, 922, 926, 929, 931, 932, 933, 934, 938, 939, 940, 947], "summary": {"covered_lines": 18, "num_statements": 19, "percent_covered": 94.73684210526316, "percent_covered_display": "95", "missing_lines": 1, "excluded_lines": 0, "percent_statements_covered": 94.73684210526316, "percent_statements_covered_display": "95"}, "missing_lines": [923], "excluded_lines": [], "start_line": 904}, "check_recently_created_accounts": {"executed_lines": [957, 960, 968, 970, 971, 978, 980, 981, 983, 984, 985, 986, 987, 988, 990, 993, 994, 995, 999, 1000, 1001, 1003, 1010], "summary": {"covered_lines": 23, "num_statements": 26, "percent_covered": 88.46153846153847, "percent_covered_display": "88", "missing_lines": 3, "excluded_lines": 0, "percent_statements_covered": 88.46153846153847, "percent_statements_covered_display": "88"}, "missing_lines": [996, 997, 1002], "excluded_lines": [], "start_line": 955}, "check_system_binary_modifications": {"executed_lines": [1020, 1022, 1034, 1035, 1037, 1038, 1045, 1046, 1047, 1050], "summary": {"covered_lines": 10, "num_statements": 11, "percent_covered": 90.9090909090909, "percent_covered_display": "91", "missing_lines": 1, "excluded_lines": 0, "percent_statements_covered": 90.9090909090909, "percent_statements_covered_display": "91"}, "missing_lines": [1048], "excluded_lines": [], "start_line": 1018}, "check_failed_login_spike": {"executed_lines": [1060, 1063, 1066, 1068, 1069, 1076, 1077, 1078, 1079, 1087, 1090, 1092, 1095, 1096, 1097, 1104], "summary": {"covered_lines": 16, "num_statements": 16, "percent_covered": 100.0, "percent_covered_display": "100", "missing_lines": 0, "excluded_lines": 0, "percent_statements_covered": 100.0, "percent_statements_covered_display": "100"}, "missing_lines": [], "excluded_lines": [], "start_line": 1058}, "check_suid_files": {"executed_lines": [1113, 1114, 1115, 1116, 1123, 1124, 1125, 1126], "summary": {"covered_lines": 8, "num_statements": 12, "percent_covered": 66.66666666666667, "percent_covered_display": "67", "missing_lines": 4, "excluded_lines": 0, "percent_statements_covered": 66.66666666666667, "percent_statements_covered_display": "67"}, "missing_lines": [1117, 1132, 1133, 1139], "excluded_lines": [], "start_line": 1112}, "check_cron_and_timers": {"executed_lines": [1148, 1149, 1157, 1158, 1165, 1166, 1169, 1170], "summary": {"covered_lines": 8, "num_statements": 13, "percent_covered": 61.53846153846154, "percent_covered_display": "62", "missing_lines": 5, "excluded_lines": 0, "percent_statements_covered": 61.53846153846154, "percent_statements_covered_display": "62"}, "missing_lines": [1159, 1176, 1177, 1178, 1184], "excluded_lines": [], "start_line": 1147}, "check_stale_user_accounts": {"executed_lines": [1191, 1193, 1197, 1198, 1207, 1209, 1210, 1211, 1213, 1214, 1216, 1217, 1218, 1233, 1245], "summary": {"covered_lines": 15, "num_statements": 27, "percent_covered": 55.55555555555556, "percent_covered_display": "56", "missing_lines": 12, "excluded_lines": 0, "percent_statements_covered": 55.55555555555556, "percent_statements_covered_display": "56"}, "missing_lines": [1215, 1220, 1221, 1223, 1224, 1225, 1227, 1228, 1229, 1231, 1234, 1238], "excluded_lines": [], "start_line": 1189}, "check_process_resource_usage": {"executed_lines": [1254, 1256, 1260, 1266, 1267, 1268, 1270, 1271, 1273, 1274, 1289, 1300], "summary": {"covered_lines": 12, "num_statements": 28, "percent_covered": 42.857142857142854, "percent_covered_display": "43", "missing_lines": 16, "excluded_lines": 0, "percent_statements_covered": 42.857142857142854, "percent_statements_covered_display": "43"}, "missing_lines": [1261, 1272, 1275, 1276, 1277, 1278, 1280, 1281, 1282, 1283, 1284, 1285, 1286, 1287, 1290, 1293], "excluded_lines": [], "start_line": 1253}, "gather_suid_binaries": {"executed_lines": [], "summary": {"covered_lines": 0, "num_statements": 5, "percent_covered": 0.0, "percent_covered_display": "0", "missing_lines": 5, "excluded_lines": 0, "percent_statements_covered": 0.0, "percent_statements_covered_display": "0"}, "missing_lines": [1310, 1311, 1312, 1313, 1314], "excluded_lines": [], "start_line": 1308}, "gather_root_logins": {"executed_lines": [], "summary": {"covered_lines": 0, "num_statements": 5, "percent_covered": 0.0, "percent_covered_display": "0", "missing_lines": 5, "excluded_lines": 0, "percent_statements_covered": 0.0, "percent_statements_covered_display": "0"}, "missing_lines": [1319, 1320, 1321, 1322, 1323], "excluded_lines": [], "start_line": 1317}, "gather_successful_ssh_logins": {"executed_lines": [], "summary": {"covered_lines": 0, "num_statements": 7, "percent_covered": 0.0, "percent_covered_display": "0", "missing_lines": 7, "excluded_lines": 0, "percent_statements_covered": 0.0, "percent_statements_covered_display": "0"}, "missing_lines": [1328, 1335, 1336, 1337, 1338, 1339, 1340], "excluded_lines": [], "start_line": 1326}, "gather_failed_ssh_logins": {"executed_lines": [], "summary": {"covered_lines": 0, "num_statements": 7, "percent_covered": 0.0, "percent_covered_display": "0", "missing_lines": 7, "excluded_lines": 0, "percent_statements_covered": 0.0, "percent_statements_covered_display": "0"}, "missing_lines": [1345, 1352, 1353, 1354, 1355, 1356, 1357], "excluded_lines": [], "start_line": 1343}, "gather_top_processes": {"executed_lines": [], "summary": {"covered_lines": 0, "num_statements": 5, "percent_covered": 0.0, "percent_covered_display": "0", "missing_lines": 5, "excluded_lines": 0, "percent_statements_covered": 0.0, "percent_statements_covered_display": "0"}, "missing_lines": [1362, 1363, 1364, 1365, 1366], "excluded_lines": [], "start_line": 1360}, "gather_disk_usage_dirs": {"executed_lines": [], "summary": {"covered_lines": 0, "num_statements": 7, "percent_covered": 0.0, "percent_covered_display": "0", "missing_lines": 7, "excluded_lines": 0, "percent_statements_covered": 0.0, "percent_statements_covered_display": "0"}, "missing_lines": [1371, 1372, 1373, 1374, 1375, 1376, 1377], "excluded_lines": [], "start_line": 1369}, "gather_available_updates": {"executed_lines": [], "summary": {"covered_lines": 0, "num_statements": 8, "percent_covered": 0.0, "percent_covered_display": "0", "missing_lines": 8, "excluded_lines": 0, "percent_statements_covered": 0.0, "percent_statements_covered_display": "0"}, "missing_lines": [1382, 1388, 1389, 1390, 1391, 1392, 1393, 1394], "excluded_lines": [], "start_line": 1380}, "gather_firewall_rules": {"executed_lines": [], "summary": {"covered_lines": 0, "num_statements": 7, "percent_covered": 0.0, "percent_covered_display": "0", "missing_lines": 7, "excluded_lines": 0, "percent_statements_covered": 0.0, "percent_statements_covered_display": "0"}, "missing_lines": [1403, 1410, 1411, 1412, 1413, 1414, 1415], "excluded_lines": [], "start_line": 1401}, "gather_sshd_config_check": {"executed_lines": [], "summary": {"covered_lines": 0, "num_statements": 7, "percent_covered": 0.0, "percent_covered_display": "0", "missing_lines": 7, "excluded_lines": 0, "percent_statements_covered": 0.0, "percent_statements_covered_display": "0"}, "missing_lines": [1420, 1421, 1423, 1424, 1425, 1426, 1427], "excluded_lines": [], "start_line": 1418}, "gather_failed_systemd_units": {"executed_lines": [], "summary": {"covered_lines": 0, "num_statements": 32, "percent_covered": 0.0, "percent_covered_display": "0", "missing_lines": 32, "excluded_lines": 0, "percent_statements_covered": 0.0, "percent_statements_covered_display": "0"}, "missing_lines": [1432, 1433, 1434, 1435, 1437, 1438, 1439, 1442, 1452, 1454, 1455, 1456, 1458, 1459, 1460, 1461, 1463, 1464, 1465, 1466, 1468, 1471, 1472, 1473, 1474, 1475, 1476, 1477, 1478, 1479, 1480, 1482], "excluded_lines": [], "start_line": 1430}, "gather_sudoers_info": {"executed_lines": [], "summary": {"covered_lines": 0, "num_statements": 8, "percent_covered": 0.0, "percent_covered_display": "0", "missing_lines": 8, "excluded_lines": 0, "percent_statements_covered": 0.0, "percent_statements_covered_display": "0"}, "missing_lines": [1487, 1488, 1489, 1491, 1492, 1493, 1494, 1495], "excluded_lines": [], "start_line": 1485}, "gather_critical_file_permissions": {"executed_lines": [], "summary": {"covered_lines": 0, "num_statements": 5, "percent_covered": 0.0, "percent_covered_display": "0", "missing_lines": 5, "excluded_lines": 0, "percent_statements_covered": 0.0, "percent_statements_covered_display": "0"}, "missing_lines": [1500, 1504, 1505, 1506, 1507], "excluded_lines": [], "start_line": 1498}, "gather_rkhunter_scan": {"executed_lines": [1516, 1517, 1519, 1520, 1524, 1525, 1526, 1528, 1529, 1530, 1531], "summary": {"covered_lines": 11, "num_statements": 11, "percent_covered": 100.0, "percent_covered_display": "100", "missing_lines": 0, "excluded_lines": 0, "percent_statements_covered": 100.0, "percent_statements_covered_display": "100"}, "missing_lines": [], "excluded_lines": [], "start_line": 1510}, "gather_unused_packages": {"executed_lines": [1541, 1546, 1547, 1549, 1551, 1553, 1554, 1555, 1556, 1557, 1558, 1559, 1562, 1563, 1564, 1565, 1566, 1567, 1568, 1571, 1572, 1573, 1574, 1579, 1581, 1582, 1584, 1585, 1586, 1587, 1590, 1592, 1593, 1595], "summary": {"covered_lines": 34, "num_statements": 38, "percent_covered": 89.47368421052632, "percent_covered_display": "89", "missing_lines": 4, "excluded_lines": 0, "percent_statements_covered": 89.47368421052632, "percent_statements_covered_display": "89"}, "missing_lines": [1575, 1576, 1577, 1583], "excluded_lines": [], "start_line": 1534}, "check_suspicious_network_connections": {"executed_lines": [1600, 1602, 1607, 1608, 1616, 1617, 1618, 1619, 1627, 1632, 1634, 1635, 1641, 1649], "summary": {"covered_lines": 14, "num_statements": 16, "percent_covered": 87.5, "percent_covered_display": "88", "missing_lines": 2, "excluded_lines": 0, "percent_statements_covered": 87.5, "percent_statements_covered_display": "88"}, "missing_lines": [1609, 1642], "excluded_lines": [], "start_line": 1598}, "check_hidden_files_in_system_dirs": {"executed_lines": [1659, 1661, 1665, 1666, 1674, 1675, 1676, 1677, 1684, 1686, 1690, 1691, 1697, 1710], "summary": {"covered_lines": 14, "num_statements": 18, "percent_covered": 77.77777777777777, "percent_covered_display": "78", "missing_lines": 4, "excluded_lines": 0, "percent_statements_covered": 77.77777777777777, "percent_statements_covered_display": "78"}, "missing_lines": [1667, 1698, 1702, 1703], "excluded_lines": [], "start_line": 1657}, "check_kernel_module_integrity": {"executed_lines": [1720, 1722, 1723, 1724, 1729, 1730, 1731, 1732, 1740, 1745, 1747, 1748, 1756, 1764], "summary": {"covered_lines": 14, "num_statements": 16, "percent_covered": 87.5, "percent_covered_display": "88", "missing_lines": 2, "excluded_lines": 0, "percent_statements_covered": 87.5, "percent_statements_covered_display": "88"}, "missing_lines": [1725, 1757], "excluded_lines": [], "start_line": 1718}, "check_active_reverse_shells": {"executed_lines": [1774, 1776, 1789, 1790, 1792, 1793, 1800], "summary": {"covered_lines": 7, "num_statements": 7, "percent_covered": 100.0, "percent_covered_display": "100", "missing_lines": 0, "excluded_lines": 0, "percent_statements_covered": 100.0, "percent_statements_covered_display": "100"}, "missing_lines": [], "excluded_lines": [], "start_line": 1772}, "check_weak_password_policy": {"executed_lines": [1810, 1812, 1816, 1819, 1821, 1822, 1830, 1831, 1832, 1833, 1834, 1841, 1848], "summary": {"covered_lines": 13, "num_statements": 15, "percent_covered": 86.66666666666667, "percent_covered_display": "87", "missing_lines": 2, "excluded_lines": 0, "percent_statements_covered": 86.66666666666667, "percent_statements_covered_display": "87"}, "missing_lines": [1817, 1835], "excluded_lines": [], "start_line": 1808}, "check_container_escape_indicators": {"executed_lines": [1858, 1860, 1861, 1862, 1865, 1869, 1871, 1872, 1873, 1874, 1877, 1878, 1880, 1881, 1882, 1888, 1896, 1899, 1901, 1902, 1908, 1916], "summary": {"covered_lines": 22, "num_statements": 25, "percent_covered": 88.0, "percent_covered_display": "88", "missing_lines": 3, "excluded_lines": 0, "percent_statements_covered": 88.0, "percent_statements_covered_display": "88"}, "missing_lines": [1905, 1906, 1909], "excluded_lines": [], "start_line": 1856}, "check_arp_spoofing": {"executed_lines": [1926, 1928, 1929, 1931, 1939, 1940, 1941, 1949, 1950, 1951, 1952, 1956, 1964], "summary": {"covered_lines": 13, "num_statements": 17, "percent_covered": 76.47058823529412, "percent_covered_display": "76", "missing_lines": 4, "excluded_lines": 0, "percent_statements_covered": 76.47058823529412, "percent_statements_covered_display": "76"}, "missing_lines": [1932, 1953, 1954, 1957], "excluded_lines": [], "start_line": 1924}, "check_dns_tampering": {"executed_lines": [1974, 1976, 1979, 1981, 1989, 1990, 1993, 1995, 1996, 1997, 1999, 2000, 2002, 2009, 2011, 2012, 2019, 2027], "summary": {"covered_lines": 18, "num_statements": 21, "percent_covered": 85.71428571428571, "percent_covered_display": "86", "missing_lines": 3, "excluded_lines": 0, "percent_statements_covered": 85.71428571428571, "percent_statements_covered_display": "86"}, "missing_lines": [1982, 1998, 2020], "excluded_lines": [], "start_line": 1972}, "check_crypto_miners": {"executed_lines": [2037, 2039, 2053, 2056, 2058, 2059, 2067, 2071, 2073, 2082, 2083, 2085, 2086, 2090, 2098], "summary": {"covered_lines": 15, "num_statements": 19, "percent_covered": 78.94736842105263, "percent_covered_display": "79", "missing_lines": 4, "excluded_lines": 0, "percent_statements_covered": 78.94736842105263, "percent_statements_covered_display": "79"}, "missing_lines": [2074, 2087, 2088, 2091], "excluded_lines": [], "start_line": 2035}, "check_file_integrity_critical_binaries": {"executed_lines": [2108, 2110, 2119, 2120, 2122, 2123, 2131, 2135, 2138, 2146], "summary": {"covered_lines": 10, "num_statements": 11, "percent_covered": 90.9090909090909, "percent_covered_display": "91", "missing_lines": 1, "excluded_lines": 0, "percent_statements_covered": 90.9090909090909, "percent_statements_covered_display": "91"}, "missing_lines": [2139], "excluded_lines": [], "start_line": 2106}, "check_log_tampering": {"executed_lines": [2156, 2158, 2165, 2168, 2170, 2171, 2172, 2173, 2180, 2181, 2188, 2197, 2204, 2207, 2209, 2210, 2214, 2222], "summary": {"covered_lines": 18, "num_statements": 24, "percent_covered": 75.0, "percent_covered_display": "75", "missing_lines": 6, "excluded_lines": 0, "percent_statements_covered": 75.0, "percent_statements_covered_display": "75"}, "missing_lines": [2166, 2189, 2205, 2211, 2212, 2215], "excluded_lines": [], "start_line": 2154}, "check_privilege_escalation_vectors": {"executed_lines": [2234, 2235, 2238, 2239, 2241, 2243, 2244, 2247, 2248, 2250, 2254, 2255, 2257, 2261, 2262, 2264, 2266, 2267, 2268, 2274, 2278, 2282, 2292, 2299, 2300, 2307], "summary": {"covered_lines": 26, "num_statements": 33, "percent_covered": 78.78787878787878, "percent_covered_display": "79", "missing_lines": 7, "excluded_lines": 0, "percent_statements_covered": 78.78787878787878, "percent_statements_covered_display": "79"}, "missing_lines": [2240, 2251, 2258, 2275, 2279, 2290, 2293], "excluded_lines": [], "start_line": 2230}, "check_world_writable_system_files": {"executed_lines": [2317, 2319, 2323, 2325, 2333, 2334, 2335, 2336, 2343], "summary": {"covered_lines": 9, "num_statements": 10, "percent_covered": 90.0, "percent_covered_display": "90", "missing_lines": 1, "excluded_lines": 0, "percent_statements_covered": 90.0, "percent_statements_covered_display": "90"}, "missing_lines": [2326], "excluded_lines": [], "start_line": 2315}, "check_deleted_file_handles": {"executed_lines": [2353, 2355, 2356, 2358, 2366, 2367, 2374], "summary": {"covered_lines": 7, "num_statements": 8, "percent_covered": 87.5, "percent_covered_display": "88", "missing_lines": 1, "excluded_lines": 0, "percent_statements_covered": 87.5, "percent_statements_covered_display": "88"}, "missing_lines": [2359], "excluded_lines": [], "start_line": 2351}, "run_all_checks": {"executed_lines": [2383, 2385, 2386, 2387, 2388, 2389, 2390, 2391, 2392, 2393, 2394, 2395, 2396, 2397, 2398, 2399, 2400, 2401, 2402, 2403, 2404, 2405, 2406, 2409, 2410, 2411, 2412, 2413, 2414, 2415, 2416, 2417, 2418, 2419, 2420, 2421, 2422, 2424], "summary": {"covered_lines": 38, "num_statements": 38, "percent_covered": 100.0, "percent_covered_display": "100", "missing_lines": 0, "excluded_lines": 0, "percent_statements_covered": 100.0, "percent_statements_covered_display": "100"}, "missing_lines": [], "excluded_lines": [], "start_line": 2382}, "": {"executed_lines": [1, 3, 4, 5, 6, 8, 10, 13, 19, 20, 21, 22, 23, 24, 25, 28, 29, 30, 31, 32, 33, 34, 37, 38, 39, 40, 41, 42, 43, 44, 45, 46, 47, 48, 49, 50, 51, 52, 55, 100, 114, 124, 134, 144, 182, 218, 260, 273, 339, 483, 511, 537, 558, 608, 642, 703, 868, 904, 955, 1018, 1058, 1112, 1147, 1189, 1253, 1308, 1317, 1326, 1343, 1360, 1369, 1380, 1401, 1418, 1430, 1485, 1498, 1510, 1534, 1598, 1657, 1718, 1772, 1808, 1856, 1924, 1972, 2035, 2106, 2154, 2230, 2315, 2351, 2382], "summary": {"covered_lines": 94, "num_statements": 94, "percent_covered": 100.0, "percent_covered_display": "100", "missing_lines": 0, "excluded_lines": 0, "percent_statements_covered": 100.0, "percent_statements_covered_display": "100"}, "missing_lines": [], "excluded_lines": [], "start_line": 1}}, "classes": {"CheckResult": {"executed_lines": [], "summary": {"covered_lines": 0, "num_statements": 0, "percent_covered": 100.0, "percent_covered_display": "100", "missing_lines": 0, "excluded_lines": 0, "percent_statements_covered": 100.0, "percent_statements_covered_display": "100"}, "missing_lines": [], "excluded_lines": [], "start_line": 20}, "SystemInfo": {"executed_lines": [], "summary": {"covered_lines": 0, "num_statements": 0, "percent_covered": 100.0, "percent_covered_display": "100", "missing_lines": 0, "excluded_lines": 0, "percent_statements_covered": 100.0, "percent_statements_covered_display": "100"}, "missing_lines": [], "excluded_lines": [], "start_line": 29}, "DetailedSecurityInfo": {"executed_lines": [], "summary": {"covered_lines": 0, "num_statements": 0, "percent_covered": 100.0, "percent_covered_display": "100", "missing_lines": 0, "excluded_lines": 0, "percent_statements_covered": 100.0, "percent_statements_covered_display": "100"}, "missing_lines": [], "excluded_lines": [], "start_line": 38}, "": {"executed_lines": [1, 3, 4, 5, 6, 8, 10, 13, 19, 20, 21, 22, 23, 24, 25, 28, 29, 30, 31, 32, 33, 34, 37, 38, 39, 40, 41, 42, 43, 44, 45, 46, 47, 48, 49, 50, 51, 52, 55, 63, 68, 69, 70, 92, 94, 100, 101, 102, 103, 107, 108, 109, 114, 115, 124, 125, 134, 135, 144, 145, 146, 147, 154, 155, 156, 182, 183, 184, 185, 189, 190, 191, 192, 218, 219, 220, 221, 228, 229, 230, 231, 260, 261, 262, 263, 264, 273, 274, 276, 286, 288, 289, 297, 298, 299, 301, 302, 339, 340, 342, 343, 345, 348, 354, 364, 365, 368, 371, 382, 390, 392, 395, 406, 414, 416, 417, 440, 448, 451, 454, 457, 461, 462, 464, 480, 483, 484, 485, 486, 488, 489, 496, 503, 511, 512, 513, 514, 521, 522, 529, 537, 538, 539, 540, 547, 548, 555, 558, 559, 560, 567, 569, 570, 577, 578, 579, 580, 608, 609, 610, 611, 618, 619, 620, 621, 642, 643, 644, 645, 652, 657, 666, 686, 688, 695, 703, 705, 708, 709, 711, 712, 720, 739, 780, 782, 783, 786, 790, 791, 793, 794, 795, 796, 802, 803, 805, 808, 809, 813, 814, 815, 818, 819, 820, 842, 843, 844, 846, 853, 868, 870, 872, 877, 879, 880, 887, 888, 889, 896, 904, 906, 909, 910, 912, 915, 916, 917, 922, 926, 929, 931, 932, 933, 934, 938, 939, 940, 947, 955, 957, 960, 968, 970, 971, 978, 980, 981, 983, 984, 985, 986, 987, 988, 990, 993, 994, 995, 999, 1000, 1001, 1003, 1010, 1018, 1020, 1022, 1034, 1035, 1037, 1038, 1045, 1046, 1047, 1050, 1058, 1060, 1063, 1066, 1068, 1069, 1076, 1077, 1078, 1079, 1087, 1090, 1092, 1095, 1096, 1097, 1104, 1112, 1113, 1114, 1115, 1116, 1123, 1124, 1125, 1126, 1147, 1148, 1149, 1157, 1158, 1165, 1166, 1169, 1170, 1189, 1191, 1193, 1197, 1198, 1207, 1209, 1210, 1211, 1213, 1214, 1216, 1217, 1218, 1233, 1245, 1253, 1254, 1256, 1260, 1266, 1267, 1268, 1270, 1271, 1273, 1274, 1289, 1300, 1308, 1317, 1326, 1343, 1360, 1369, 1380, 1401, 1418, 1430, 1485, 1498, 1510, 1516, 1517, 1519, 1520, 1524, 1525, 1526, 1528, 1529, 1530, 1531, 1534, 1541, 1546, 1547, 1549, 1551, 1553, 1554, 1555, 1556, 1557, 1558, 1559, 1562, 1563, 1564, 1565, 1566, 1567, 1568, 1571, 1572, 1573, 1574, 1579, 1581, 1582, 1584, 1585, 1586, 1587, 1590, 1592, 1593, 1595, 1598, 1600, 1602, 1607, 1608, 1616, 1617, 1618, 1619, 1627, 1632, 1634, 1635, 1641, 1649, 1657, 1659, 1661, 1665, 1666, 1674, 1675, 1676, 1677, 1684, 1686, 1690, 1691, 1697, 1710, 1718, 1720, 1722, 1723, 1724, 1729, 1730, 1731, 1732, 1740, 1745, 1747, 1748, 1756, 1764, 1772, 1774, 1776, 1789, 1790, 1792, 1793, 1800, 1808, 1810, 1812, 1816, 1819, 1821, 1822, 1830, 1831, 1832, 1833, 1834, 1841, 1848, 1856, 1858, 1860, 1861, 1862, 1865, 1869, 1871, 1872, 1873, 1874, 1877, 1878, 1880, 1881, 1882, 1888, 1896, 1899, 1901, 1902, 1908, 1916, 1924, 1926, 1928, 1929, 1931, 1939, 1940, 1941, 1949, 1950, 1951, 1952, 1956, 1964, 1972, 1974, 1976, 1979, 1981, 1989, 1990, 1993, 1995, 1996, 1997, 1999, 2000, 2002, 2009, 2011, 2012, 2019, 2027, 2035, 2037, 2039, 2053, 2056, 2058, 2059, 2067, 2071, 2073, 2082, 2083, 2085, 2086, 2090, 2098, 2106, 2108, 2110, 2119, 2120, 2122, 2123, 2131, 2135, 2138, 2146, 2154, 2156, 2158, 2165, 2168, 2170, 2171, 2172, 2173, 2180, 2181, 2188, 2197, 2204, 2207, 2209, 2210, 2214, 2222, 2230, 2234, 2235, 2238, 2239, 2241, 2243, 2244, 2247, 2248, 2250, 2254, 2255, 2257, 2261, 2262, 2264, 2266, 2267, 2268, 2274, 2278, 2282, 2292, 2299, 2300, 2307, 2315, 2317, 2319, 2323, 2325, 2333, 2334, 2335, 2336, 2343, 2351, 2353, 2355, 2356, 2358, 2366, 2367, 2374, 2382, 2383, 2385, 2386, 2387, 2388, 2389, 2390, 2391, 2392, 2393, 2394, 2395, 2396, 2397, 2398, 2399, 2400, 2401, 2402, 2403, 2404, 2405, 2406, 2409, 2410, 2411, 2412, 2413, 2414, 2415, 2416, 2417, 2418, 2419, 2420, 2421, 2422, 2424], "summary": {"covered_lines": 649, "num_statements": 952, "percent_covered": 68.17226890756302, "percent_covered_display": "68", "missing_lines": 303, "excluded_lines": 0, "percent_statements_covered": 68.17226890756302, "percent_statements_covered_display": "68"}, "missing_lines": [16, 75, 76, 77, 79, 81, 82, 83, 84, 85, 86, 88, 89, 90, 91, 97, 148, 159, 160, 161, 167, 168, 174, 186, 195, 196, 197, 203, 204, 210, 222, 238, 239, 245, 246, 252, 270, 287, 290, 300, 309, 310, 311, 313, 314, 321, 322, 329, 330, 336, 344, 349, 350, 351, 352, 355, 372, 380, 396, 404, 418, 419, 420, 428, 430, 438, 452, 453, 455, 456, 458, 459, 487, 490, 497, 515, 523, 541, 549, 568, 571, 586, 587, 593, 594, 600, 612, 627, 628, 634, 646, 667, 668, 669, 670, 671, 672, 673, 674, 680, 681, 682, 684, 689, 787, 798, 799, 800, 824, 825, 826, 828, 838, 845, 923, 996, 997, 1002, 1048, 1117, 1132, 1133, 1139, 1159, 1176, 1177, 1178, 1184, 1215, 1220, 1221, 1223, 1224, 1225, 1227, 1228, 1229, 1231, 1234, 1238, 1261, 1272, 1275, 1276, 1277, 1278, 1280, 1281, 1282, 1283, 1284, 1285, 1286, 1287, 1290, 1293, 1310, 1311, 1312, 1313, 1314, 1319, 1320, 1321, 1322, 1323, 1328, 1335, 1336, 1337, 1338, 1339, 1340, 1345, 1352, 1353, 1354, 1355, 1356, 1357, 1362, 1363, 1364, 1365, 1366, 1371, 1372, 1373, 1374, 1375, 1376, 1377, 1382, 1388, 1389, 1390, 1391, 1392, 1393, 1394, 1403, 1410, 1411, 1412, 1413, 1414, 1415, 1420, 1421, 1423, 1424, 1425, 1426, 1427, 1432, 1433, 1434, 1435, 1437, 1438, 1439, 1442, 1452, 1454, 1455, 1456, 1458, 1459, 1460, 1461, 1463, 1464, 1465, 1466, 1468, 1471, 1472, 1473, 1474, 1475, 1476, 1477, 1478, 1479, 1480, 1482, 1487, 1488, 1489, 1491, 1492, 1493, 1494, 1495, 1500, 1504, 1505, 1506, 1507, 1575, 1576, 1577, 1583, 1609, 1642, 1667, 1698, 1702, 1703, 1725, 1757, 1817, 1835, 1905, 1906, 1909, 1932, 1953, 1954, 1957, 1982, 1998, 2020, 2074, 2087, 2088, 2091, 2139, 2166, 2189, 2205, 2211, 2212, 2215, 2240, 2251, 2258, 2275, 2279, 2290, 2293, 2326, 2359], "excluded_lines": [], "start_line": 1}}}, "linux_health\\cli.py": {"executed_lines": [1, 3, 4, 5, 6, 8, 28, 29, 30, 33, 34, 35, 36, 37, 38, 39, 41, 42, 43, 44, 45, 47, 50, 51, 52, 53, 54, 58, 59, 66, 69, 75, 81, 87, 92, 97, 102, 105, 177], "summary": {"covered_lines": 39, "num_statements": 68, "percent_covered": 57.35294117647059, "percent_covered_display": "57", "missing_lines": 29, "excluded_lines": 0, "percent_statements_covered": 57.35294117647059, "percent_statements_covered_display": "57"}, "missing_lines": [40, 46, 106, 107, 108, 110, 111, 112, 115, 117, 118, 125, 126, 127, 151, 152, 153, 155, 156, 157, 161, 165, 166, 167, 170, 172, 173, 174, 178], "excluded_lines": [], "functions": {"parse_ports": {"executed_lines": [34, 35, 36, 37, 38, 39, 41, 42, 43, 44, 45, 47], "summary": {"covered_lines": 12, "num_statements": 14, "percent_covered": 85.71428571428571, "percent_covered_display": "86", "missing_lines": 2, "excluded_lines": 0, "percent_statements_covered": 85.71428571428571, "percent_statements_covered_display": "86"}, "missing_lines": [40, 46], "excluded_lines": [], "start_line": 33}, "build_parser": {"executed_lines": [51, 52, 53, 54, 58, 59, 66, 69, 75, 81, 87, 92, 97, 102], "summary": {"covered_lines": 14, "num_statements": 14, "percent_covered": 100.0, "percent_covered_display": "100", "missing_lines": 0, "excluded_lines": 0, "percent_statements_covered": 100.0, "percent_statements_covered_display": "100"}, "missing_lines": [], "excluded_lines": [], "start_line": 50}, "main": {"executed_lines": [], "summary": {"covered_lines": 0, "num_statements": 26, "percent_covered": 0.0, "percent_covered_display": "0", "missing_lines": 26, "excluded_lines": 0, "percent_statements_covered": 0.0, "percent_statements_covered_display": "0"}, "missing_lines": [106, 107, 108, 110, 111, 112, 115, 117, 118, 125, 126, 127, 151, 152, 153, 155, 156, 157, 161, 165, 166, 167, 170, 172, 173, 174], "excluded_lines": [], "start_line": 105}, "": {"executed_lines": [1, 3, 4, 5, 6, 8, 28, 29, 30, 33, 50, 105, 177], "summary": {"covered_lines": 13, "num_statements": 14, "percent_covered": 92.85714285714286, "percent_covered_display": "93", "missing_lines": 1, "excluded_lines": 0, "percent_statements_covered": 92.85714285714286, "percent_statements_covered_display": "93"}, "missing_lines": [178], "excluded_lines": [], "start_line": 1}}, "classes": {"": {"executed_lines": [1, 3, 4, 5, 6, 8, 28, 29, 30, 33, 34, 35, 36, 37, 38, 39, 41, 42, 43, 44, 45, 47, 50, 51, 52, 53, 54, 58, 59, 66, 69, 75, 81, 87, 92, 97, 102, 105, 177], "summary": {"covered_lines": 39, "num_statements": 68, "percent_covered": 57.35294117647059, "percent_covered_display": "57", "missing_lines": 29, "excluded_lines": 0, "percent_statements_covered": 57.35294117647059, "percent_statements_covered_display": "57"}, "missing_lines": [40, 46, 106, 107, 108, 110, 111, 112, 115, 117, 118, 125, 126, 127, 151, 152, 153, 155, 156, 157, 161, 165, 166, 167, 170, 172, 173, 174, 178], "excluded_lines": [], "start_line": 1}}}, "linux_health\\report.py": {"executed_lines": [1, 3, 4, 6, 7, 9, 15, 22, 26, 33, 34, 35, 37, 38, 39, 40, 42, 44, 45, 46, 47, 48, 50, 51, 52, 53, 54, 55, 56, 58, 59, 60, 61, 62, 63, 64, 65, 66, 68, 69, 71, 72, 75, 81, 82, 83, 84, 85, 87, 88, 89, 91, 194, 195, 196, 199, 202, 205, 208, 211, 213, 214, 215, 217, 220, 226, 227, 228, 230, 231, 232, 233, 235, 236, 237, 238, 239, 240, 241, 242, 243, 244, 245, 246, 248, 249, 250, 251, 254, 256, 257, 258, 260, 261, 264, 268, 270, 271, 272, 273, 274, 275, 281, 283, 357, 358, 361, 362, 365, 366, 369, 370, 373], "summary": {"covered_lines": 113, "num_statements": 274, "percent_covered": 41.24087591240876, "percent_covered_display": "41", "missing_lines": 161, "excluded_lines": 0, "percent_statements_covered": 41.24087591240876, "percent_statements_covered_display": "41"}, "missing_lines": [23, 76, 77, 78, 79, 92, 93, 95, 96, 97, 98, 99, 101, 102, 103, 104, 105, 107, 108, 109, 110, 112, 113, 114, 115, 116, 118, 119, 120, 121, 122, 124, 125, 126, 127, 128, 129, 130, 132, 133, 134, 135, 136, 138, 139, 140, 141, 142, 144, 145, 146, 147, 148, 149, 150, 153, 155, 156, 157, 158, 159, 160, 161, 164, 166, 167, 168, 169, 170, 171, 174, 176, 177, 178, 179, 180, 182, 183, 184, 185, 186, 188, 189, 190, 191, 192, 265, 279, 280, 284, 285, 286, 287, 288, 289, 290, 291, 292, 293, 294, 295, 296, 297, 298, 299, 300, 301, 302, 303, 304, 305, 306, 307, 308, 309, 310, 311, 312, 313, 314, 315, 316, 317, 318, 319, 320, 321, 322, 323, 324, 325, 326, 327, 328, 329, 330, 331, 332, 333, 334, 335, 336, 337, 338, 339, 340, 341, 342, 343, 344, 345, 346, 347, 348, 349, 350, 351, 352, 353, 354, 355], "excluded_lines": [], "functions": {"_status_icon": {"executed_lines": [], "summary": {"covered_lines": 0, "num_statements": 1, "percent_covered": 0.0, "percent_covered_display": "0", "missing_lines": 1, "excluded_lines": 0, "percent_statements_covered": 0.0, "percent_statements_covered_display": "0"}, "missing_lines": [23], "excluded_lines": [], "start_line": 22}, "render_report_text": {"executed_lines": [33, 34, 35, 37, 38, 39, 40, 42, 44, 45, 46, 47, 48, 50, 51, 52, 53, 54, 55, 56, 58, 59, 60, 61, 62, 63, 64, 65, 66, 68, 69, 71, 72, 75, 81, 82, 83, 84, 85, 87, 88, 89, 91, 194, 195, 196, 199, 202, 205, 208, 211, 213, 214, 215, 217], "summary": {"covered_lines": 55, "num_statements": 140, "percent_covered": 39.285714285714285, "percent_covered_display": "39", "missing_lines": 85, "excluded_lines": 0, "percent_statements_covered": 39.285714285714285, "percent_statements_covered_display": "39"}, "missing_lines": [76, 77, 78, 79, 92, 93, 95, 96, 97, 98, 99, 101, 102, 103, 104, 105, 107, 108, 109, 110, 112, 113, 114, 115, 116, 118, 119, 120, 121, 122, 124, 125, 126, 127, 128, 129, 130, 132, 133, 134, 135, 136, 138, 139, 140, 141, 142, 144, 145, 146, 147, 148, 149, 150, 153, 155, 156, 157, 158, 159, 160, 161, 164, 166, 167, 168, 169, 170, 171, 174, 176, 177, 178, 179, 180, 182, 183, 184, 185, 186, 188, 189, 190, 191, 192], "excluded_lines": [], "start_line": 26}, "render_report": {"executed_lines": [226, 227, 228, 230, 231, 232, 233, 235, 236, 237, 238, 239, 240, 241, 242, 243, 244, 245, 246, 248, 249, 250, 251, 254, 256, 257, 258, 260, 261, 264, 268, 270, 271, 272, 273, 274, 275, 281, 283, 357, 358, 361, 362, 365, 366, 369, 370, 373], "summary": {"covered_lines": 48, "num_statements": 123, "percent_covered": 39.02439024390244, "percent_covered_display": "39", "missing_lines": 75, "excluded_lines": 0, "percent_statements_covered": 39.02439024390244, "percent_statements_covered_display": "39"}, "missing_lines": [265, 279, 280, 284, 285, 286, 287, 288, 289, 290, 291, 292, 293, 294, 295, 296, 297, 298, 299, 300, 301, 302, 303, 304, 305, 306, 307, 308, 309, 310, 311, 312, 313, 314, 315, 316, 317, 318, 319, 320, 321, 322, 323, 324, 325, 326, 327, 328, 329, 330, 331, 332, 333, 334, 335, 336, 337, 338, 339, 340, 341, 342, 343, 344, 345, 346, 347, 348, 349, 350, 351, 352, 353, 354, 355], "excluded_lines": [], "start_line": 220}, "": {"executed_lines": [1, 3, 4, 6, 7, 9, 15, 22, 26, 220], "summary": {"covered_lines": 10, "num_statements": 10, "percent_covered": 100.0, "percent_covered_display": "100", "missing_lines": 0, "excluded_lines": 0, "percent_statements_covered": 100.0, "percent_statements_covered_display": "100"}, "missing_lines": [], "excluded_lines": [], "start_line": 1}}, "classes": {"": {"executed_lines": [1, 3, 4, 6, 7, 9, 15, 22, 26, 33, 34, 35, 37, 38, 39, 40, 42, 44, 45, 46, 47, 48, 50, 51, 52, 53, 54, 55, 56, 58, 59, 60, 61, 62, 63, 64, 65, 66, 68, 69, 71, 72, 75, 81, 82, 83, 84, 85, 87, 88, 89, 91, 194, 195, 196, 199, 202, 205, 208, 211, 213, 214, 215, 217, 220, 226, 227, 228, 230, 231, 232, 233, 235, 236, 237, 238, 239, 240, 241, 242, 243, 244, 245, 246, 248, 249, 250, 251, 254, 256, 257, 258, 260, 261, 264, 268, 270, 271, 272, 273, 274, 275, 281, 283, 357, 358, 361, 362, 365, 366, 369, 370, 373], "summary": {"covered_lines": 113, "num_statements": 274, "percent_covered": 41.24087591240876, "percent_covered_display": "41", "missing_lines": 161, "excluded_lines": 0, "percent_statements_covered": 41.24087591240876, "percent_statements_covered_display": "41"}, "missing_lines": [23, 76, 77, 78, 79, 92, 93, 95, 96, 97, 98, 99, 101, 102, 103, 104, 105, 107, 108, 109, 110, 112, 113, 114, 115, 116, 118, 119, 120, 121, 122, 124, 125, 126, 127, 128, 129, 130, 132, 133, 134, 135, 136, 138, 139, 140, 141, 142, 144, 145, 146, 147, 148, 149, 150, 153, 155, 156, 157, 158, 159, 160, 161, 164, 166, 167, 168, 169, 170, 171, 174, 176, 177, 178, 179, 180, 182, 183, 184, 185, 186, 188, 189, 190, 191, 192, 265, 279, 280, 284, 285, 286, 287, 288, 289, 290, 291, 292, 293, 294, 295, 296, 297, 298, 299, 300, 301, 302, 303, 304, 305, 306, 307, 308, 309, 310, 311, 312, 313, 314, 315, 316, 317, 318, 319, 320, 321, 322, 323, 324, 325, 326, 327, 328, 329, 330, 331, 332, 333, 334, 335, 336, 337, 338, 339, 340, 341, 342, 343, 344, 345, 346, 347, 348, 349, 350, 351, 352, 353, 354, 355], "excluded_lines": [], "start_line": 1}}}, "linux_health\\scanner.py": {"executed_lines": [1, 3, 4, 5, 6, 8, 36, 37, 38, 39, 40, 43, 55], "summary": {"covered_lines": 13, "num_statements": 29, "percent_covered": 44.827586206896555, "percent_covered_display": "45", "missing_lines": 16, "excluded_lines": 0, "percent_statements_covered": 44.827586206896555, "percent_statements_covered_display": "45"}, "missing_lines": [44, 45, 46, 47, 48, 49, 50, 51, 52, 58, 59, 60, 61, 65, 66, 67], "excluded_lines": [], "functions": {"_scan_single": {"executed_lines": [], "summary": {"covered_lines": 0, "num_statements": 9, "percent_covered": 0.0, "percent_covered_display": "0", "missing_lines": 9, "excluded_lines": 0, "percent_statements_covered": 0.0, "percent_statements_covered_display": "0"}, "missing_lines": [44, 45, 46, 47, 48, 49, 50, 51, 52], "excluded_lines": [], "start_line": 43}, "scan_ports": {"executed_lines": [], "summary": {"covered_lines": 0, "num_statements": 7, "percent_covered": 0.0, "percent_covered_display": "0", "missing_lines": 7, "excluded_lines": 0, "percent_statements_covered": 0.0, "percent_statements_covered_display": "0"}, "missing_lines": [58, 59, 60, 61, 65, 66, 67], "excluded_lines": [], "start_line": 55}, "": {"executed_lines": [1, 3, 4, 5, 6, 8, 36, 37, 38, 39, 40, 43, 55], "summary": {"covered_lines": 13, "num_statements": 13, "percent_covered": 100.0, "percent_covered_display": "100", "missing_lines": 0, "excluded_lines": 0, "percent_statements_covered": 100.0, "percent_statements_covered_display": "100"}, "missing_lines": [], "excluded_lines": [], "start_line": 1}}, "classes": {"PortStatus": {"executed_lines": [], "summary": {"covered_lines": 0, "num_statements": 0, "percent_covered": 100.0, "percent_covered_display": "100", "missing_lines": 0, "excluded_lines": 0, "percent_statements_covered": 100.0, "percent_statements_covered_display": "100"}, "missing_lines": [], "excluded_lines": [], "start_line": 37}, "": {"executed_lines": [1, 3, 4, 5, 6, 8, 36, 37, 38, 39, 40, 43, 55], "summary": {"covered_lines": 13, "num_statements": 29, "percent_covered": 44.827586206896555, "percent_covered_display": "45", "missing_lines": 16, "excluded_lines": 0, "percent_statements_covered": 44.827586206896555, "percent_statements_covered_display": "45"}, "missing_lines": [44, 45, 46, 47, 48, 49, 50, 51, 52, 58, 59, 60, 61, 65, 66, 67], "excluded_lines": [], "start_line": 1}}}, "linux_health\\ssh_client.py": {"executed_lines": [1, 3, 4, 7, 10, 25, 29, 32, 46, 51], "summary": {"covered_lines": 10, "num_statements": 33, "percent_covered": 30.303030303030305, "percent_covered_display": "30", "missing_lines": 23, "excluded_lines": 0, "percent_statements_covered": 30.303030303030305, "percent_statements_covered_display": "30"}, "missing_lines": [18, 19, 20, 21, 22, 23, 26, 27, 30, 33, 34, 35, 44, 47, 48, 49, 52, 53, 54, 55, 56, 57, 58], "excluded_lines": [], "functions": {"SSHSession.__init__": {"executed_lines": [], "summary": {"covered_lines": 0, "num_statements": 6, "percent_covered": 0.0, "percent_covered_display": "0", "missing_lines": 6, "excluded_lines": 0, "percent_statements_covered": 0.0, "percent_statements_covered_display": "0"}, "missing_lines": [18, 19, 20, 21, 22, 23], "excluded_lines": [], "start_line": 10}, "SSHSession.__enter__": {"executed_lines": [], "summary": {"covered_lines": 0, "num_statements": 2, "percent_covered": 0.0, "percent_covered_display": "0", "missing_lines": 2, "excluded_lines": 0, "percent_statements_covered": 0.0, "percent_statements_covered_display": "0"}, "missing_lines": [26, 27], "excluded_lines": [], "start_line": 25}, "SSHSession.__exit__": {"executed_lines": [], "summary": {"covered_lines": 0, "num_statements": 1, "percent_covered": 0.0, "percent_covered_display": "0", "missing_lines": 1, "excluded_lines": 0, "percent_statements_covered": 0.0, "percent_statements_covered_display": "0"}, "missing_lines": [30], "excluded_lines": [], "start_line": 29}, "SSHSession.connect": {"executed_lines": [], "summary": {"covered_lines": 0, "num_statements": 4, "percent_covered": 0.0, "percent_covered_display": "0", "missing_lines": 4, "excluded_lines": 0, "percent_statements_covered": 0.0, "percent_statements_covered_display": "0"}, "missing_lines": [33, 34, 35, 44], "excluded_lines": [], "start_line": 32}, "SSHSession.close": {"executed_lines": [], "summary": {"covered_lines": 0, "num_statements": 3, "percent_covered": 0.0, "percent_covered_display": "0", "missing_lines": 3, "excluded_lines": 0, "percent_statements_covered": 0.0, "percent_statements_covered_display": "0"}, "missing_lines": [47, 48, 49], "excluded_lines": [], "start_line": 46}, "SSHSession.run": {"executed_lines": [], "summary": {"covered_lines": 0, "num_statements": 7, "percent_covered": 0.0, "percent_covered_display": "0", "missing_lines": 7, "excluded_lines": 0, "percent_statements_covered": 0.0, "percent_statements_covered_display": "0"}, "missing_lines": [52, 53, 54, 55, 56, 57, 58], "excluded_lines": [], "start_line": 51}, "": {"executed_lines": [1, 3, 4, 7, 10, 25, 29, 32, 46, 51], "summary": {"covered_lines": 10, "num_statements": 10, "percent_covered": 100.0, "percent_covered_display": "100", "missing_lines": 0, "excluded_lines": 0, "percent_statements_covered": 100.0, "percent_statements_covered_display": "100"}, "missing_lines": [], "excluded_lines": [], "start_line": 1}}, "classes": {"SSHSession": {"executed_lines": [], "summary": {"covered_lines": 0, "num_statements": 23, "percent_covered": 0.0, "percent_covered_display": "0", "missing_lines": 23, "excluded_lines": 0, "percent_statements_covered": 0.0, "percent_statements_covered_display": "0"}, "missing_lines": [18, 19, 20, 21, 22, 23, 26, 27, 30, 33, 34, 35, 44, 47, 48, 49, 52, 53, 54, 55, 56, 57, 58], "excluded_lines": [], "start_line": 7}, "": {"executed_lines": [1, 3, 4, 7, 10, 25, 29, 32, 46, 51], "summary": {"covered_lines": 10, "num_statements": 10, "percent_covered": 100.0, "percent_covered_display": "100", "missing_lines": 0, "excluded_lines": 0, "percent_statements_covered": 100.0, "percent_statements_covered_display": "100"}, "missing_lines": [], "excluded_lines": [], "start_line": 1}}}}, "totals": {"covered_lines": 826, "num_statements": 1361, "percent_covered": 60.690668626010286, "percent_covered_display": "61", "missing_lines": 535, "excluded_lines": 0, "percent_statements_covered": 60.690668626010286, "percent_statements_covered_display": "61"}}